Title:          Linux Pro - Gennaio 2016
Subject:        http://www.pdfmagaz.in
Keywords:       http://www.pdfmagaz.in
Author:         Djack
Creator:        http://www.pdfmagaz.in
Producer:       http://www.pdfmagaz.in
CreationDate:   Wed Jan  6 02:53:24 2016
ModDate:        Wed Jan  6 15:54:36 2016
Tagged:         no
UserProperties: no
Suspects:       no
Form:           none
JavaScript:     no
Pages:          96
Encrypted:      no
Page size:      586.56 x 807.84 pts
Page rot:       0
File size:      53062307 bytes
Optimized:      no
PDF version:    1.6
Title:          Linux Pro - Febbraio 2016
Subject:        http://www.pdfmagaz.in
Keywords:       http://www.pdfmagaz.in
Author:         Djack
Creator:        http://www.pdfmagaz.in
Producer:       http://www.pdfmagaz.in
ModDate:        Mon Feb  1 17:17:22 2016
Tagged:         no
UserProperties: no
Suspects:       no
Form:           none
JavaScript:     no
Pages:          92
Encrypted:      no
Page size:      586.56 x 807.84 pts
Page rot:       0
File size:      39479723 bytes
Optimized:      no
PDF version:    1.4
Creator:        Adobe Acrobat 9.0
Producer:       Adobe Acrobat 9.0 Image Conversion Plug-in
CreationDate:   Mon Feb 29 07:43:10 2016
ModDate:        Mon Feb 29 07:43:10 2016
Tagged:         no
UserProperties: no
Suspects:       no
Form:           none
JavaScript:     no
Pages:          100
Encrypted:      no
Page size:      592.32 x 812.16 pts
Page rot:       0
File size:      55727444 bytes
Optimized:      yes
PDF version:    1.6
Title:          
Subject:        
Keywords:       
Author:         
Creator:        PDFCreator 2.2.1.0
Producer:       PDFCreator 2.2.1.0
CreationDate:   Fri Apr  1 06:34:54 2016
ModDate:        Fri Apr  1 06:36:30 2016
Tagged:         no
UserProperties: no
Suspects:       no
Form:           none
JavaScript:     no
Pages:          101
Encrypted:      no
Page size:      509.96 x 703.102 pts
Page rot:       0
File size:      28413399 bytes
Optimized:      no
PDF version:    1.6
Tagged:         no
UserProperties: no
Suspects:       no
Form:           none
JavaScript:     no
Pages:          96
Encrypted:      no
Page size:      586.56 x 807.84 pts
Page rot:       0
File size:      35459958 bytes
Optimized:      yes
PDF version:    1.7
Tagged:         no
UserProperties: no
Suspects:       no
Form:           none
JavaScript:     no
Pages:          94
Encrypted:      no
Page size:      586.56 x 807.84 pts
Page rot:       0
File size:      34857060 bytes
Optimized:      yes
PDF version:    1.7
Producer:       iText® 5.5.9 ©2000-2015 iText Group NV (AGPL-version)
CreationDate:   Tue Jun 28 22:30:16 2016
ModDate:        Tue Jun 28 22:30:16 2016
Tagged:         no
UserProperties: no
Suspects:       no
Form:           none
JavaScript:     no
Pages:          100
Encrypted:      no
Page size:      1222 x 1683 pts
Page rot:       0
File size:      36093614 bytes
Optimized:      no
PDF version:    1.4
CreationDate:   Fri Dec 31 12:00:00 1999
ModDate:        Fri Dec 31 12:00:00 1999
Tagged:         no
UserProperties: no
Suspects:       no
Form:           none
JavaScript:     no
Pages:          100
Encrypted:      no
Page size:      1222 x 1683 pts
Page rot:       0
File size:      36180771 bytes
Optimized:      no
PDF version:    1.4
